
> frontend@1.5.0 build
> next build

   ▲ Next.js 15.5.15
   - Environments: .env.local, .env

   Creating an optimized production build ...
 ✓ Compiled successfully in 2.6s
   Linting and checking validity of types ...
 ⨯ ESLint: Failed to load plugin 'react-hooks' declared in ' » eslint-config-next/core-web-vitals » D:\Projects\Product-Inventory-System\apps\frontend\node_modules\eslint-config-next\index.js': Cannot find module 'eslint-plugin-react-hooks' Require stack: - D:\Projects\Product-Inventory-System\apps\frontend\__placeholder__.js Referenced from: D:\Projects\Product-Inventory-System\apps\frontend\node_modules\eslint-config-next\index.js
   Collecting page data ...
   Generating static pages (0/12) ...
   Generating static pages (3/12) 
   Generating static pages (6/12) 
   Generating static pages (9/12) 
 ✓ Generating static pages (12/12)
   Finalizing page optimization ...
   Collecting build traces ...

Route (app)                                 Size  First Load JS
┌ ○ /                                     6.1 kB         160 kB
├ ○ /_not-found                            995 B         103 kB
├ ○ /admin                                2.4 kB         115 kB
├ ○ /admin/categories                    3.34 kB         136 kB
├ ○ /cart                                1.51 kB         136 kB
├ ○ /login                               3.29 kB         150 kB
├ ○ /products                            3.31 kB         159 kB
├ ƒ /products/[slug]                     2.73 kB         159 kB
├ ○ /seller/products/new                 3.38 kB         140 kB
└ ○ /sign-up                             3.13 kB         149 kB
+ First Load JS shared by all             102 kB
  ├ chunks/255-71dc57bc2828b9ae.js       45.9 kB
  ├ chunks/4bd1b696-c023c6e3521b1417.js  54.2 kB
  └ other shared chunks (total)             2 kB


○  (Static)   prerendered as static content
ƒ  (Dynamic)  server-rendered on demand

